<?xml version="1.0" encoding="UTF-8"?>
<coverage generated="1582086337">
  <project timestamp="1582086337">
    <package name="KodeKeep\Labels\Concerns">
      <file name="/Users/brian/Code/kodekeep/laravel-labels/src/Concerns/HasLabels.php">
        <class name="HasLabels" namespace="KodeKeep\Labels\Concerns">
          <metrics complexity="1" methods="1" coveredmethods="1" conditionals="0" coveredconditionals="0" statements="1" coveredstatements="1" elements="2" coveredelements="2"/>
        </class>
        <line num="21" type="method" name="labels" visibility="public" complexity="1" crap="1" count="1"/>
        <line num="23" type="stmt" count="1"/>
        <metrics loc="25" ncloc="17" classes="1" methods="1" coveredmethods="1" conditionals="0" coveredconditionals="0" statements="1" coveredstatements="1" elements="2" coveredelements="2"/>
      </file>
    </package>
    <package name="KodeKeep\Labels\Models">
      <file name="/Users/brian/Code/kodekeep/laravel-labels/src/Models/Label.php">
        <class name="KodeKeep\Labels\Models\Label" namespace="KodeKeep\Labels\Models">
          <metrics complexity="2" methods="2" coveredmethods="2" conditionals="0" coveredconditionals="0" statements="2" coveredstatements="2" elements="4" coveredelements="4"/>
        </class>
        <line num="26" type="method" name="findByslug" visibility="public" complexity="1" crap="1" count="1"/>
        <line num="28" type="stmt" count="1"/>
        <line num="31" type="method" name="getSlugOptions" visibility="public" complexity="1" crap="1" count="1"/>
        <line num="33" type="stmt" count="1"/>
        <metrics loc="35" ncloc="27" classes="1" methods="2" coveredmethods="2" conditionals="0" coveredconditionals="0" statements="2" coveredstatements="2" elements="4" coveredelements="4"/>
      </file>
    </package>
    <metrics files="2" loc="60" ncloc="44" classes="2" methods="3" coveredmethods="3" conditionals="0" coveredconditionals="0" statements="3" coveredstatements="3" elements="6" coveredelements="6"/>
  </project>
</coverage>
